                      :-) GROMACS - gmx mdrun, 2023.3 (-:

Copyright 1991-2023 The GROMACS Authors.
GROMACS is free software; you can redistribute it and/or modify it
under the terms of the GNU Lesser General Public License
as published by the Free Software Foundation; either version 2.1
of the License, or (at your option) any later version.

                         Current GROMACS contributors:
       Mark Abraham           Andrey Alekseenko           Cathrine Bergh      
      Christian Blau            Eliane Briand             Mahesh Doijade      
    Stefan Fleischmann           Vytas Gapsys              Gaurav Garg        
      Sergey Gorelov         Gilles Gouaillardet            Alan Gray         
     M. Eric Irrgang         Farzaneh Jalalypour            Joe Jordan        
    Christoph Junghans        Prashanth Kanduri          Sebastian Keller     
     Carsten Kutzner           Justin A. Lemkul          Magnus Lundborg      
       Pascal Merz              Vedran Miletic            Dmitry Morozov      
       Szilard Pall             Roland Schulz             Michael Shirts      
     Alexey Shvetsov            Balint Soproni         David van der Spoel    
      Philip Turner             Carsten Uphoff           Alessandra Villa     
 Sebastian Wingbermuehle        Artem Zhmurov       

                         Previous GROMACS contributors:
        Emile Apol             Rossen Apostolov           James Barnett       
  Herman J.C. Berendsen          Par Bjelkmar           Viacheslav Bolnykh    
        Kevin Boyd            Aldert van Buuren          Carlo Camilloni      
     Rudi van Drunen            Anton Feenstra           Oliver Fleetwood     
     Gerrit Groenhof            Bert de Groot             Anca Hamuraru       
    Vincent Hindriksen          Victor Holanda           Aleksei Iupinov      
   Dimitrios Karkoulis           Peter Kasson             Sebastian Kehl      
        Jiri Kraus               Per Larsson              Viveca Lindahl      
      Erik Marklund           Pieter Meulenhoff           Teemu Murtola       
       Sander Pronk             Alfons Sijbers            Peter Tieleman      
       Jon Vincent             Teemu Virolainen         Christian Wennberg    
       Maarten Wolf       

                  Coordinated by the GROMACS project leaders:
                    Paul Bauer, Berk Hess, and Erik Lindahl

GROMACS:      gmx mdrun, version 2023.3
Executable:   /usr/local/bin/gmx
Data prefix:  /usr/local
Working dir:  /home/base/thunder/mix/solution1
Process ID:   7627
Command line:
  gmx mdrun -v

GROMACS version:    2023.3
Precision:          mixed
Memory model:       64 bit
MPI library:        thread_mpi
OpenMP support:     enabled (GMX_OPENMP_MAX_THREADS = 128)
GPU support:        disabled
SIMD instructions:  AVX2_256
CPU FFT library:    fftw-3.3.8-sse2-avx-avx2-avx2_128
GPU FFT library:    none
Multi-GPU FFT:      none
RDTSCP usage:       enabled
TNG support:        enabled
Hwloc support:      disabled
Tracing support:    disabled
C compiler:         /usr/bin/cc GNU 11.4.0
C compiler flags:   -fexcess-precision=fast -funroll-all-loops -mavx2 -mfma -Wno-missing-field-initializers -O3 -DNDEBUG
C++ compiler:       /usr/bin/c++ GNU 11.4.0
C++ compiler flags: -fexcess-precision=fast -funroll-all-loops -mavx2 -mfma -Wno-missing-field-initializers -Wno-cast-function-type-strict -fopenmp 
BLAS library:       Internal
LAPACK library:     Internal


Running on 1 node with total 3 cores, 6 processing units
Hardware detected on host DESKTOP-LL8G46H:
  CPU info:
    Vendor: Intel
    Brand:  Intel(R) Core(TM) i7-4770 CPU @ 3.40GHz
    Family: 6   Model: 60   Stepping: 3
    Features: aes apic avx avx2 clfsh cmov cx8 cx16 f16c fma htt intel lahf mmx msr pcid pclmuldq pdcm pdpe1gb popcnt pse rdrnd rdtscp sse2 sse3 sse4.1 sse4.2 ssse3
  Hardware topology: Basic
    Packages, cores, and logical processors:
    [indices refer to OS logical processors]
      Package  0: [   0   1] [   2   3] [   4   5]
    CPU limit set by OS: -1   Recommended max number of threads: 6


++++ PLEASE READ AND CITE THE FOLLOWING REFERENCE ++++
M. J. Abraham, T. Murtola, R. Schulz, S. Páll, J. C. Smith, B. Hess, E.
Lindahl
GROMACS: High performance molecular simulations through multi-level
parallelism from laptops to supercomputers
SoftwareX 1 (2015) pp. 19-25
-------- -------- --- Thank You --- -------- --------


++++ PLEASE READ AND CITE THE FOLLOWING REFERENCE ++++
S. Páll, M. J. Abraham, C. Kutzner, B. Hess, E. Lindahl
Tackling Exascale Software Challenges in Molecular Dynamics Simulations with
GROMACS
In S. Markidis & E. Laure (Eds.), Solving Software Challenges for Exascale 8759 (2015) pp. 3-27
-------- -------- --- Thank You --- -------- --------


++++ PLEASE READ AND CITE THE FOLLOWING REFERENCE ++++
S. Pronk, S. Páll, R. Schulz, P. Larsson, P. Bjelkmar, R. Apostolov, M. R.
Shirts, J. C. Smith, P. M. Kasson, D. van der Spoel, B. Hess, and E. Lindahl
GROMACS 4.5: a high-throughput and highly parallel open source molecular
simulation toolkit
Bioinformatics 29 (2013) pp. 845-54
-------- -------- --- Thank You --- -------- --------


++++ PLEASE READ AND CITE THE FOLLOWING REFERENCE ++++
B. Hess and C. Kutzner and D. van der Spoel and E. Lindahl
GROMACS 4: Algorithms for highly efficient, load-balanced, and scalable
molecular simulation
J. Chem. Theory Comput. 4 (2008) pp. 435-447
-------- -------- --- Thank You --- -------- --------


++++ PLEASE READ AND CITE THE FOLLOWING REFERENCE ++++
D. van der Spoel, E. Lindahl, B. Hess, G. Groenhof, A. E. Mark and H. J. C.
Berendsen
GROMACS: Fast, Flexible and Free
J. Comp. Chem. 26 (2005) pp. 1701-1719
-------- -------- --- Thank You --- -------- --------


++++ PLEASE READ AND CITE THE FOLLOWING REFERENCE ++++
E. Lindahl and B. Hess and D. van der Spoel
GROMACS 3.0: A package for molecular simulation and trajectory analysis
J. Mol. Mod. 7 (2001) pp. 306-317
-------- -------- --- Thank You --- -------- --------


++++ PLEASE READ AND CITE THE FOLLOWING REFERENCE ++++
H. J. C. Berendsen, D. van der Spoel and R. van Drunen
GROMACS: A message-passing parallel molecular dynamics implementation
Comp. Phys. Comm. 91 (1995) pp. 43-56
-------- -------- --- Thank You --- -------- --------


++++ PLEASE CITE THE DOI FOR THIS VERSION OF GROMACS ++++
https://doi.org/10.5281/zenodo.10017686
-------- -------- --- Thank You --- -------- --------

Input Parameters:
   integrator                     = md
   tinit                          = 0
   dt                             = 0.0002
   nsteps                         = 5000
   init-step                      = 0
   simulation-part                = 1
   mts                            = false
   comm-mode                      = Linear
   nstcomm                        = 100
   bd-fric                        = 0
   ld-seed                        = -1145045771
   emtol                          = 10
   emstep                         = 0.01
   niter                          = 20
   fcstep                         = 0
   nstcgsteep                     = 1000
   nbfgscorr                      = 10
   rtpi                           = 0.05
   nstxout                        = 0
   nstvout                        = 0
   nstfout                        = 0
   nstlog                         = 100
   nstcalcenergy                  = 100
   nstenergy                      = 100
   nstxout-compressed             = 100
   compressed-x-precision         = 1000
   cutoff-scheme                  = Verlet
   nstlist                        = 5
   pbc                            = xyz
   periodic-molecules             = false
   verlet-buffer-tolerance        = 0.005
   rlist                          = 1.2
   coulombtype                    = PME
   coulomb-modifier               = Potential-shift
   rcoulomb-switch                = 0
   rcoulomb                       = 1.2
   epsilon-r                      = 1
   epsilon-rf                     = inf
   vdw-type                       = Cut-off
   vdw-modifier                   = Potential-shift
   rvdw-switch                    = 0
   rvdw                           = 1.2
   DispCorr                       = EnerPres
   table-extension                = 1
   fourierspacing                 = 0.12
   fourier-nx                     = 84
   fourier-ny                     = 84
   fourier-nz                     = 84
   pme-order                      = 4
   ewald-rtol                     = 1e-05
   ewald-rtol-lj                  = 0.001
   lj-pme-comb-rule               = Geometric
   ewald-geometry                 = 3d
   epsilon-surface                = 0
   ensemble-temperature-setting   = constant
   ensemble-temperature           = 300
   tcoupl                         = V-rescale
   nsttcouple                     = 100
   nh-chain-length                = 0
   print-nose-hoover-chain-variables = false
   pcoupl                         = Berendsen
   pcoupltype                     = Isotropic
   nstpcouple                     = 100
   tau-p                          = 2
   compressibility (3x3):
      compressibility[    0]={ 4.50000e-05,  0.00000e+00,  0.00000e+00}
      compressibility[    1]={ 0.00000e+00,  4.50000e-05,  0.00000e+00}
      compressibility[    2]={ 0.00000e+00,  0.00000e+00,  4.50000e-05}
   ref-p (3x3):
      ref-p[    0]={ 1.00000e+00,  0.00000e+00,  0.00000e+00}
      ref-p[    1]={ 0.00000e+00,  1.00000e+00,  0.00000e+00}
      ref-p[    2]={ 0.00000e+00,  0.00000e+00,  1.00000e+00}
   refcoord-scaling               = No
   posres-com (3):
      posres-com[0]= 0.00000e+00
      posres-com[1]= 0.00000e+00
      posres-com[2]= 0.00000e+00
   posres-comB (3):
      posres-comB[0]= 0.00000e+00
      posres-comB[1]= 0.00000e+00
      posres-comB[2]= 0.00000e+00
   QMMM                           = false
qm-opts:
   ngQM                           = 0
   constraint-algorithm           = Lincs
   continuation                   = false
   Shake-SOR                      = false
   shake-tol                      = 0.0001
   lincs-order                    = 4
   lincs-iter                     = 1
   lincs-warnangle                = 30
   nwall                          = 0
   wall-type                      = 9-3
   wall-r-linpot                  = -1
   wall-atomtype[0]               = -1
   wall-atomtype[1]               = -1
   wall-density[0]                = 0
   wall-density[1]                = 0
   wall-ewald-zfac                = 3
   pull                           = false
   awh                            = false
   rotation                       = false
   interactiveMD                  = false
   disre                          = No
   disre-weighting                = Conservative
   disre-mixed                    = false
   dr-fc                          = 1000
   dr-tau                         = 0
   nstdisreout                    = 100
   orire-fc                       = 0
   orire-tau                      = 0
   nstorireout                    = 100
   free-energy                    = no
   cos-acceleration               = 0
   deform (3x3):
      deform[    0]={ 0.00000e+00,  0.00000e+00,  0.00000e+00}
      deform[    1]={ 0.00000e+00,  0.00000e+00,  0.00000e+00}
      deform[    2]={ 0.00000e+00,  0.00000e+00,  0.00000e+00}
   simulated-tempering            = false
   swapcoords                     = no
   userint1                       = 0
   userint2                       = 0
   userint3                       = 0
   userint4                       = 0
   userreal1                      = 0
   userreal2                      = 0
   userreal3                      = 0
   userreal4                      = 0
   applied-forces:
     electric-field:
       x:
         E0                       = 0
         omega                    = 0
         t0                       = 0
         sigma                    = 0
       y:
         E0                       = 0
         omega                    = 0
         t0                       = 0
         sigma                    = 0
       z:
         E0                       = 0
         omega                    = 0
         t0                       = 0
         sigma                    = 0
     density-guided-simulation:
       active                     = false
       group                      = protein
       similarity-measure         = inner-product
       atom-spreading-weight      = unity
       force-constant             = 1e+09
       gaussian-transform-spreading-width = 0.2
       gaussian-transform-spreading-range-in-multiples-of-width = 4
       reference-density-filename = reference.mrc
       nst                        = 1
       normalize-densities        = true
       adaptive-force-scaling     = false
       adaptive-force-scaling-time-constant = 4
       shift-vector               = 
       transformation-matrix      = 
     qmmm-cp2k:
       active                     = false
       qmgroup                    = System
       qmmethod                   = PBE
       qmfilenames                = 
       qmcharge                   = 0
       qmmultiplicity             = 1
grpopts:
   nrdf:       30237
   ref-t:         300
   tau-t:         0.5
annealing:          No
annealing-npoints:           0
   acc:	           0           0           0
   nfreeze:           N           N           N
   energygrp-flags[  0]: 0

Changing nstlist from 5 to 100, rlist from 1.2 to 1.2

When checking whether update groups are usable:
  No constraints or virtual sites are in use, so it is best not to use update groups

Initializing Domain Decomposition on 1 ranks
Dynamic load balancing: auto
Minimum cell size due to atom displacement: 0.205 nm
Initial maximum distances in bonded interactions:
    two-body bonded interactions: 0.388 nm, LJ-14, atoms 736 739
  multi-body bonded interactions: 0.388 nm, Ryckaert-Bell., atoms 739 736
Minimum cell size due to bonded interactions: 0.427 nm
Using 0 separate PME ranks because: there are too few total ranks for efficient splitting
Optimizing the DD grid for 1 cells with a minimum initial size of 0.427 nm
The maximum allowed number of cells is: X 23 Y 23 Z 23
Domain decomposition grid 1 x 1 x 1, separate PME ranks 0
PME domain decomposition: 1 x 1 x 1

The initial number of communication pulses is:
The initial domain decomposition cell size is:

The maximum allowed distance for atoms involved in interactions is:
                 non-bonded interactions           1.200 nm
(the following are initial values, they could change due to box deformation)
            two-body bonded interactions  (-rdd)   1.200 nm
          multi-body bonded interactions  (-rdd)   1.200 nm

When dynamic load balancing gets turned on, these settings will change to:
The maximum number of communication pulses is:
The minimum size for domain decomposition cells is 1.200 nm
The requested allowed shrink of DD cells (option -dds) is: 0.80
The allowed shrink of domain decomposition cells is:
The maximum allowed distance for atoms involved in interactions is:
                 non-bonded interactions           1.200 nm
            two-body bonded interactions  (-rdd)   1.200 nm
          multi-body bonded interactions  (-rdd)   1.200 nm

Using 1 MPI thread
Using 6 OpenMP threads 

System total charge: -0.084
Will do PME sum in reciprocal space for electrostatic interactions.

++++ PLEASE READ AND CITE THE FOLLOWING REFERENCE ++++
U. Essmann, L. Perera, M. L. Berkowitz, T. Darden, H. Lee and L. G. Pedersen 
A smooth particle mesh Ewald method
J. Chem. Phys. 103 (1995) pp. 8577-8592
-------- -------- --- Thank You --- -------- --------

Using a Gaussian width (1/beta) of 0.384195 nm for Ewald
Potential shift: LJ r^-12: -1.122e-01 r^-6: -3.349e-01, Ewald -8.333e-06
Initialized non-bonded Coulomb Ewald tables, spacing: 1.02e-03 size: 1176

Generated table with 1100 data points for 1-4 COUL.
Tabscale = 500 points/nm
Generated table with 1100 data points for 1-4 LJ6.
Tabscale = 500 points/nm
Generated table with 1100 data points for 1-4 LJ12.
Tabscale = 500 points/nm
Long Range LJ corr.: <C6> 8.1169e-04


Using SIMD 4x8 nonbonded short-range kernels

Using a 4x8 pair-list setup:
  updated every 100 steps, buffer 0.000 nm, rlist 1.200 nm
At tolerance 0.005 kJ/mol/ps per atom, equivalent classical 1x1 list would be:
  updated every 100 steps, buffer 0.000 nm, rlist 1.200 nm

The non-bonded pair calculation algorithm tolerates a few missing pair interactions close to the cut-off. This can lead to a systematic overestimation of the pressure due to missing LJ interactions. The error in the average pressure due to missing LJ interactions is at most 0.03 bar.
The pressure error can be controlled by setting the environment variable GMX_VERLET_BUFFER_PRESSURE_TOLERANCE to the allowed error in units of bar.

Using Geometric Lennard-Jones combination rule
Removing pbc first time

Linking all bonded interactions to atoms


Pinning threads with an auto-selected logical cpu stride of 1

++++ PLEASE READ AND CITE THE FOLLOWING REFERENCE ++++
G. Bussi, D. Donadio and M. Parrinello
Canonical sampling through velocity rescaling
J. Chem. Phys. 126 (2007) pp. 014101
-------- -------- --- Thank You --- -------- --------

There are: 10080 Atoms
Atom distribution over 1 domains: av 10080 stddev 0 min 10080 max 10080
Center of mass motion removal mode is Linear
We have the following groups for center of mass motion removal:
  0:  rest
Initial temperature: 300.023 K

Started mdrun on rank 0 Fri Nov 24 03:21:28 2023

           Step           Time
              0        0.00000

   Energies (kJ/mol)
           Bond          Angle Ryckaert-Bell. Per. Imp. Dih.          LJ-14
    4.74328e+03    8.10777e+03    6.70335e+03    1.40903e+02    1.01865e+04
     Coulomb-14        LJ (SR)  Disper. corr.   Coulomb (SR)   Coul. recip.
    5.88189e+04    9.13736e+03   -1.98551e+02   -1.09368e+05    1.57461e+03
      Potential    Kinetic En.   Total Energy  Conserved En.    Temperature
   -1.01540e+04    3.80473e+04    2.78933e+04    2.78921e+04    3.02678e+02
 Pres. DC (bar) Pressure (bar)
   -3.31977e+00    2.25736e+02

           Step           Time
            100        0.02000

   Energies (kJ/mol)
           Bond          Angle Ryckaert-Bell. Per. Imp. Dih.          LJ-14
    1.43155e+04    1.60217e+04    8.17374e+03    6.15966e+02    1.05036e+04
     Coulomb-14        LJ (SR)  Disper. corr.   Coulomb (SR)   Coul. recip.
    5.86756e+04   -8.28631e+02   -1.98531e+02   -1.09297e+05    1.60724e+03
      Potential    Kinetic En.   Total Energy  Conserved En.    Temperature
   -4.11121e+02    2.80275e+04    2.76164e+04    2.77883e+04    2.22968e+02
 Pres. DC (bar) Pressure (bar)
   -3.31909e+00    1.15198e+03

           Step           Time
            200        0.04000

   Energies (kJ/mol)
           Bond          Angle Ryckaert-Bell. Per. Imp. Dih.          LJ-14
    1.11102e+04    1.35648e+04    7.18380e+03    6.20296e+02    9.31055e+03
     Coulomb-14        LJ (SR)  Disper. corr.   Coulomb (SR)   Coul. recip.
    5.83499e+04   -8.86441e+02   -1.98427e+02   -1.08029e+05    1.63354e+03
      Potential    Kinetic En.   Total Energy  Conserved En.    Temperature
   -7.34074e+03    3.53666e+04    2.80258e+04    2.77388e+04    2.81352e+02
 Pres. DC (bar) Pressure (bar)
   -3.31566e+00   -2.12164e+02

           Step           Time
            300        0.06000

   Energies (kJ/mol)
           Bond          Angle Ryckaert-Bell. Per. Imp. Dih.          LJ-14
    1.22797e+04    1.50985e+04    7.01992e+03    1.13476e+03    9.35563e+03
     Coulomb-14        LJ (SR)  Disper. corr.   Coulomb (SR)   Coul. recip.
    5.84467e+04   -1.70125e+03   -1.98446e+02   -1.08021e+05    1.76010e+03
      Potential    Kinetic En.   Total Energy  Conserved En.    Temperature
   -4.82489e+03    3.28984e+04    2.80736e+04    2.77519e+04    2.61717e+02
 Pres. DC (bar) Pressure (bar)
   -3.31629e+00    1.35495e+01

           Step           Time
            400        0.08000

   Energies (kJ/mol)
           Bond          Angle Ryckaert-Bell. Per. Imp. Dih.          LJ-14
    1.01835e+04    1.63176e+04    7.14462e+03    7.18697e+02    9.21018e+03
     Coulomb-14        LJ (SR)  Disper. corr.   Coulomb (SR)   Coul. recip.
    5.87714e+04   -1.80657e+03   -1.98445e+02   -1.08382e+05    1.67138e+03
      Potential    Kinetic En.   Total Energy  Conserved En.    Temperature
   -6.36971e+03    3.45148e+04    2.81451e+04    2.77447e+04    2.74576e+02
 Pres. DC (bar) Pressure (bar)
   -3.31626e+00   -4.95841e+01

           Step           Time
            500        0.10000

   Energies (kJ/mol)
           Bond          Angle Ryckaert-Bell. Per. Imp. Dih.          LJ-14
    1.09001e+04    1.44557e+04    6.85613e+03    7.74343e+02    9.35384e+03
     Coulomb-14        LJ (SR)  Disper. corr.   Coulomb (SR)   Coul. recip.
    5.84983e+04   -1.11920e+03   -1.98450e+02   -1.08396e+05    1.61616e+03
      Potential    Kinetic En.   Total Energy  Conserved En.    Temperature
   -7.25869e+03    3.55348e+04    2.82761e+04    2.77525e+04    2.82690e+02
 Pres. DC (bar) Pressure (bar)
   -3.31641e+00   -4.29793e+02

           Step           Time
            600        0.12000

   Energies (kJ/mol)
           Bond          Angle Ryckaert-Bell. Per. Imp. Dih.          LJ-14
    1.00676e+04    1.61764e+04    7.69183e+03    7.44776e+02    9.95332e+03
     Coulomb-14        LJ (SR)  Disper. corr.   Coulomb (SR)   Coul. recip.
    5.86220e+04   -1.96573e+03   -1.98489e+02   -1.08572e+05    1.57961e+03
      Potential    Kinetic En.   Total Energy  Conserved En.    Temperature
   -5.90025e+03    3.42094e+04    2.83092e+04    2.77528e+04    2.72146e+02
 Pres. DC (bar) Pressure (bar)
   -3.31769e+00    5.84550e+02

           Step           Time
            700        0.14000

   Energies (kJ/mol)
           Bond          Angle Ryckaert-Bell. Per. Imp. Dih.          LJ-14
    1.07362e+04    1.46165e+04    7.46193e+03    1.03685e+03    9.51327e+03
     Coulomb-14        LJ (SR)  Disper. corr.   Coulomb (SR)   Coul. recip.
    5.87806e+04   -1.11821e+03   -1.98436e+02   -1.08863e+05    1.59881e+03
      Potential    Kinetic En.   Total Energy  Conserved En.    Temperature
   -6.43513e+03    3.49077e+04    2.84726e+04    2.77614e+04    2.77702e+02
 Pres. DC (bar) Pressure (bar)
   -3.31595e+00   -6.33941e+02

           Step           Time
            800        0.16000

   Energies (kJ/mol)
           Bond          Angle Ryckaert-Bell. Per. Imp. Dih.          LJ-14
    9.90459e+03    1.48388e+04    8.06599e+03    1.28747e+03    9.78081e+03
     Coulomb-14        LJ (SR)  Disper. corr.   Coulomb (SR)   Coul. recip.
    5.83183e+04   -1.62997e+03   -1.98493e+02   -1.07885e+05    1.69713e+03
      Potential    Kinetic En.   Total Energy  Conserved En.    Temperature
   -5.82010e+03    3.45903e+04    2.87702e+04    2.77474e+04    2.75176e+02
 Pres. DC (bar) Pressure (bar)
   -3.31785e+00    1.34511e+02

           Step           Time
            900        0.18000

   Energies (kJ/mol)
           Bond          Angle Ryckaert-Bell. Per. Imp. Dih.          LJ-14
    1.07338e+04    1.55081e+04    8.04157e+03    8.03923e+02    9.34788e+03
     Coulomb-14        LJ (SR)  Disper. corr.   Coulomb (SR)   Coul. recip.
    5.82207e+04   -1.82557e+03   -1.98481e+02   -1.07421e+05    1.68481e+03
      Potential    Kinetic En.   Total Energy  Conserved En.    Temperature
   -5.10449e+03    3.40710e+04    2.89665e+04    2.77516e+04    2.71046e+02
 Pres. DC (bar) Pressure (bar)
   -3.31745e+00   -1.11051e+02

           Step           Time
           1000        0.20000

   Energies (kJ/mol)
           Bond          Angle Ryckaert-Bell. Per. Imp. Dih.          LJ-14
    9.46432e+03    1.47015e+04    8.07772e+03    1.14190e+03    9.41410e+03
     Coulomb-14        LJ (SR)  Disper. corr.   Coulomb (SR)   Coul. recip.
    5.85345e+04   -2.31103e+03   -1.98491e+02   -1.07946e+05    1.75102e+03
      Potential    Kinetic En.   Total Energy  Conserved En.    Temperature
   -7.37030e+03    3.65599e+04    2.91896e+04    2.77416e+04    2.90846e+02
 Pres. DC (bar) Pressure (bar)
   -3.31778e+00    7.55912e+01

           Step           Time
           1100        0.22000

   Energies (kJ/mol)
           Bond          Angle Ryckaert-Bell. Per. Imp. Dih.          LJ-14
    1.12424e+04    1.52194e+04    8.16607e+03    1.37791e+03    9.73346e+03
     Coulomb-14        LJ (SR)  Disper. corr.   Coulomb (SR)   Coul. recip.
    5.91522e+04   -2.18842e+03   -1.98484e+02   -1.08514e+05    1.62823e+03
      Potential    Kinetic En.   Total Energy  Conserved En.    Temperature
   -4.38088e+03    3.37486e+04    2.93678e+04    2.77569e+04    2.68481e+02
 Pres. DC (bar) Pressure (bar)
   -3.31756e+00    4.35396e+02

           Step           Time
           1200        0.24000

   Energies (kJ/mol)
           Bond          Angle Ryckaert-Bell. Per. Imp. Dih.          LJ-14
    1.03407e+04    1.50728e+04    8.55572e+03    1.35363e+03    8.38253e+03
     Coulomb-14        LJ (SR)  Disper. corr.   Coulomb (SR)   Coul. recip.
    5.86076e+04   -2.26018e+03   -1.98445e+02   -1.08029e+05    1.69832e+03
      Potential    Kinetic En.   Total Energy  Conserved En.    Temperature
   -6.47670e+03    3.59557e+04    2.94790e+04    2.77604e+04    2.86039e+02
 Pres. DC (bar) Pressure (bar)
   -3.31626e+00   -7.01960e+02

           Step           Time
           1300        0.26000

   Energies (kJ/mol)
           Bond          Angle Ryckaert-Bell. Per. Imp. Dih.          LJ-14
    1.21070e+04    1.66171e+04    8.35063e+03    1.27284e+03    8.22585e+03
     Coulomb-14        LJ (SR)  Disper. corr.   Coulomb (SR)   Coul. recip.
    5.82300e+04   -3.03972e+03   -1.98509e+02   -1.06877e+05    1.73524e+03
      Potential    Kinetic En.   Total Energy  Conserved En.    Temperature
   -3.57684e+03    3.30501e+04    2.94733e+04    2.77581e+04    2.62924e+02
 Pres. DC (bar) Pressure (bar)
   -3.31836e+00    1.20142e+02

           Step           Time
           1400        0.28000

   Energies (kJ/mol)
           Bond          Angle Ryckaert-Bell. Per. Imp. Dih.          LJ-14
    1.16377e+04    1.61861e+04    8.28755e+03    9.85538e+02    7.56987e+03
     Coulomb-14        LJ (SR)  Disper. corr.   Coulomb (SR)   Coul. recip.
    5.84773e+04   -2.70805e+03   -1.98498e+02   -1.07117e+05    1.72431e+03
      Potential    Kinetic En.   Total Energy  Conserved En.    Temperature
   -5.15574e+03    3.48587e+04    2.97030e+04    2.77654e+04    2.77312e+02
 Pres. DC (bar) Pressure (bar)
   -3.31800e+00   -7.43782e+02

           Step           Time
           1500        0.30000

   Energies (kJ/mol)
           Bond          Angle Ryckaert-Bell. Per. Imp. Dih.          LJ-14
    1.16013e+04    1.64993e+04    8.78930e+03    1.10463e+03    7.47671e+03
     Coulomb-14        LJ (SR)  Disper. corr.   Coulomb (SR)   Coul. recip.
    5.85518e+04   -3.20343e+03   -1.98565e+02   -1.07131e+05    1.80751e+03
      Potential    Kinetic En.   Total Energy  Conserved En.    Temperature
   -4.70236e+03    3.44379e+04    2.97356e+04    2.77708e+04    2.73964e+02
 Pres. DC (bar) Pressure (bar)
   -3.32023e+00   -6.79575e+02

           Step           Time
           1600        0.32000

   Energies (kJ/mol)
           Bond          Angle Ryckaert-Bell. Per. Imp. Dih.          LJ-14
    1.13307e+04    1.58264e+04    8.60919e+03    1.18352e+03    8.15187e+03
     Coulomb-14        LJ (SR)  Disper. corr.   Coulomb (SR)   Coul. recip.
    5.86539e+04   -2.63646e+03   -1.98626e+02   -1.07323e+05    1.71293e+03
      Potential    Kinetic En.   Total Energy  Conserved En.    Temperature
   -4.68948e+03    3.45136e+04    2.98241e+04    2.77572e+04    2.74566e+02
 Pres. DC (bar) Pressure (bar)
   -3.32226e+00   -3.45208e+02

           Step           Time
           1700        0.34000

   Energies (kJ/mol)
           Bond          Angle Ryckaert-Bell. Per. Imp. Dih.          LJ-14
    9.77445e+03    1.49766e+04    9.43016e+03    1.45250e+03    8.51131e+03
     Coulomb-14        LJ (SR)  Disper. corr.   Coulomb (SR)   Coul. recip.
    5.93284e+04   -2.41668e+03   -1.98657e+02   -1.08744e+05    1.77239e+03
      Potential    Kinetic En.   Total Energy  Conserved En.    Temperature
   -6.11326e+03    3.60110e+04    2.98977e+04    2.77457e+04    2.86479e+02
 Pres. DC (bar) Pressure (bar)
   -3.32330e+00   -7.46749e+01

           Step           Time
           1800        0.36000

   Energies (kJ/mol)
           Bond          Angle Ryckaert-Bell. Per. Imp. Dih.          LJ-14
    1.03652e+04    1.47993e+04    9.16275e+03    1.41125e+03    9.20860e+03
     Coulomb-14        LJ (SR)  Disper. corr.   Coulomb (SR)   Coul. recip.
    5.91787e+04   -2.51273e+03   -1.98664e+02   -1.08495e+05    1.69960e+03
      Potential    Kinetic En.   Total Energy  Conserved En.    Temperature
   -5.38061e+03    3.54202e+04    3.00396e+04    2.77521e+04    2.81779e+02
 Pres. DC (bar) Pressure (bar)
   -3.32352e+00    3.62763e+02

           Step           Time
           1900        0.38000

   Energies (kJ/mol)
           Bond          Angle Ryckaert-Bell. Per. Imp. Dih.          LJ-14
    9.01912e+03    1.56320e+04    9.19815e+03    1.21345e+03    8.60728e+03
     Coulomb-14        LJ (SR)  Disper. corr.   Coulomb (SR)   Coul. recip.
    5.92491e+04   -2.55642e+03   -1.98631e+02   -1.08323e+05    1.76075e+03
      Potential    Kinetic En.   Total Energy  Conserved En.    Temperature
   -6.39840e+03    3.66448e+04    3.02464e+04    2.77430e+04    2.91521e+02
 Pres. DC (bar) Pressure (bar)
   -3.32244e+00    2.42502e+02

           Step           Time
           2000        0.40000

   Energies (kJ/mol)
           Bond          Angle Ryckaert-Bell. Per. Imp. Dih.          LJ-14
    1.05607e+04    1.58715e+04    8.80978e+03    1.17792e+03    8.35217e+03
     Coulomb-14        LJ (SR)  Disper. corr.   Coulomb (SR)   Coul. recip.
    5.86049e+04   -2.85508e+03   -1.98610e+02   -1.07541e+05    1.74070e+03
      Potential    Kinetic En.   Total Energy  Conserved En.    Temperature
   -5.47731e+03    3.57757e+04    3.02984e+04    2.77526e+04    2.84607e+02
 Pres. DC (bar) Pressure (bar)
   -3.32172e+00    3.22608e+02

           Step           Time
           2100        0.42000

   Energies (kJ/mol)
           Bond          Angle Ryckaert-Bell. Per. Imp. Dih.          LJ-14
    1.08495e+04    1.54161e+04    8.97752e+03    8.97033e+02    8.62143e+03
     Coulomb-14        LJ (SR)  Disper. corr.   Coulomb (SR)   Coul. recip.
    5.89581e+04   -2.60229e+03   -1.98581e+02   -1.08059e+05    1.71128e+03
      Potential    Kinetic En.   Total Energy  Conserved En.    Temperature
   -5.42899e+03    3.58667e+04    3.04377e+04    2.77495e+04    2.85331e+02
 Pres. DC (bar) Pressure (bar)
   -3.32076e+00   -2.64380e+00

           Step           Time
           2200        0.44000

   Energies (kJ/mol)
           Bond          Angle Ryckaert-Bell. Per. Imp. Dih.          LJ-14
    1.06946e+04    1.52798e+04    9.25063e+03    1.12193e+03    9.27467e+03
     Coulomb-14        LJ (SR)  Disper. corr.   Coulomb (SR)   Coul. recip.
    5.91211e+04   -2.52159e+03   -1.98581e+02   -1.08673e+05    1.68853e+03
      Potential    Kinetic En.   Total Energy  Conserved En.    Temperature
   -4.96147e+03    3.54755e+04    3.05140e+04    2.77529e+04    2.82218e+02
 Pres. DC (bar) Pressure (bar)
   -3.32077e+00    6.26126e+02

           Step           Time
           2300        0.46000

   Energies (kJ/mol)
           Bond          Angle Ryckaert-Bell. Per. Imp. Dih.          LJ-14
    1.23834e+04    1.52152e+04    8.96441e+03    1.34815e+03    8.80565e+03
     Coulomb-14        LJ (SR)  Disper. corr.   Coulomb (SR)   Coul. recip.
    5.86136e+04   -2.45808e+03   -1.98525e+02   -1.07931e+05    1.64880e+03
      Potential    Kinetic En.   Total Energy  Conserved En.    Temperature
   -3.60790e+03    3.41709e+04    3.05630e+04    2.77589e+04    2.71840e+02
 Pres. DC (bar) Pressure (bar)
   -3.31890e+00   -1.50298e+02

           Step           Time
           2400        0.48000

   Energies (kJ/mol)
           Bond          Angle Ryckaert-Bell. Per. Imp. Dih.          LJ-14
    1.00178e+04    1.52184e+04    9.45688e+03    1.28285e+03    9.12279e+03
     Coulomb-14        LJ (SR)  Disper. corr.   Coulomb (SR)   Coul. recip.
    5.92640e+04   -2.51609e+03   -1.98538e+02   -1.08811e+05    1.65763e+03
      Potential    Kinetic En.   Total Energy  Conserved En.    Temperature
   -5.50552e+03    3.62629e+04    3.07574e+04    2.77448e+04    2.88483e+02
 Pres. DC (bar) Pressure (bar)
   -3.31935e+00    3.27374e+02

           Step           Time
           2500        0.50000

   Energies (kJ/mol)
           Bond          Angle Ryckaert-Bell. Per. Imp. Dih.          LJ-14
    1.12947e+04    1.57582e+04    9.19411e+03    1.24594e+03    9.07009e+03
     Coulomb-14        LJ (SR)  Disper. corr.   Coulomb (SR)   Coul. recip.
    5.92764e+04   -2.77820e+03   -1.98509e+02   -1.08731e+05    1.64380e+03
      Potential    Kinetic En.   Total Energy  Conserved En.    Temperature
   -4.22496e+03    3.50176e+04    3.07926e+04    2.77602e+04    2.78576e+02
 Pres. DC (bar) Pressure (bar)
   -3.31837e+00    6.24870e+02

           Step           Time
           2600        0.52000

   Energies (kJ/mol)
           Bond          Angle Ryckaert-Bell. Per. Imp. Dih.          LJ-14
    1.03680e+04    1.56995e+04    9.13079e+03    1.05121e+03    8.50201e+03
     Coulomb-14        LJ (SR)  Disper. corr.   Coulomb (SR)   Coul. recip.
    5.91495e+04   -2.78792e+03   -1.98453e+02   -1.08583e+05    1.66017e+03
      Potential    Kinetic En.   Total Energy  Conserved En.    Temperature
   -6.00792e+03    3.69215e+04    3.09136e+04    2.77486e+04    2.93722e+02
 Pres. DC (bar) Pressure (bar)
   -3.31651e+00   -1.57853e+02

           Step           Time
           2700        0.54000

   Energies (kJ/mol)
           Bond          Angle Ryckaert-Bell. Per. Imp. Dih.          LJ-14
    1.10245e+04    1.53913e+04    9.11529e+03    1.13004e+03    8.98867e+03
     Coulomb-14        LJ (SR)  Disper. corr.   Coulomb (SR)   Coul. recip.
    5.90885e+04   -2.81989e+03   -1.98467e+02   -1.08720e+05    1.67271e+03
      Potential    Kinetic En.   Total Energy  Conserved En.    Temperature
   -5.32782e+03    3.63175e+04    3.09896e+04    2.77562e+04    2.88917e+02
 Pres. DC (bar) Pressure (bar)
   -3.31699e+00    5.41495e+02

           Step           Time
           2800        0.56000

   Energies (kJ/mol)
           Bond          Angle Ryckaert-Bell. Per. Imp. Dih.          LJ-14
    1.05567e+04    1.54146e+04    9.29568e+03    1.07294e+03    8.99614e+03
     Coulomb-14        LJ (SR)  Disper. corr.   Coulomb (SR)   Coul. recip.
    5.93201e+04   -2.36716e+03   -1.98419e+02   -1.09304e+05    1.66112e+03
      Potential    Kinetic En.   Total Energy  Conserved En.    Temperature
   -5.55211e+03    3.64910e+04    3.09388e+04    2.77534e+04    2.90297e+02
 Pres. DC (bar) Pressure (bar)
   -3.31537e+00   -2.50129e+02

           Step           Time
           2900        0.58000

   Energies (kJ/mol)
           Bond          Angle Ryckaert-Bell. Per. Imp. Dih.          LJ-14
    1.00221e+04    1.53541e+04    9.33173e+03    1.24461e+03    9.24775e+03
     Coulomb-14        LJ (SR)  Disper. corr.   Coulomb (SR)   Coul. recip.
    5.95639e+04   -2.26841e+03   -1.98441e+02   -1.09868e+05    1.65801e+03
      Potential    Kinetic En.   Total Energy  Conserved En.    Temperature
   -5.91282e+03    3.67386e+04    3.08258e+04    2.77488e+04    2.92267e+02
 Pres. DC (bar) Pressure (bar)
   -3.31612e+00    3.99695e+02

           Step           Time
           3000        0.60000

   Energies (kJ/mol)
           Bond          Angle Ryckaert-Bell. Per. Imp. Dih.          LJ-14
    1.10969e+04    1.55018e+04    9.21251e+03    1.26117e+03    8.90516e+03
     Coulomb-14        LJ (SR)  Disper. corr.   Coulomb (SR)   Coul. recip.
    5.94767e+04   -2.56075e+03   -1.98405e+02   -1.09346e+05    1.66608e+03
      Potential    Kinetic En.   Total Energy  Conserved En.    Temperature
   -4.98486e+03    3.58641e+04    3.08792e+04    2.77535e+04    2.85310e+02
 Pres. DC (bar) Pressure (bar)
   -3.31493e+00    1.33299e+02

           Step           Time
           3100        0.62000

   Energies (kJ/mol)
           Bond          Angle Ryckaert-Bell. Per. Imp. Dih.          LJ-14
    9.28254e+03    1.64767e+04    9.37719e+03    1.18110e+03    8.61833e+03
     Coulomb-14        LJ (SR)  Disper. corr.   Coulomb (SR)   Coul. recip.
    5.95716e+04   -2.62367e+03   -1.98393e+02   -1.09806e+05    1.68415e+03
      Potential    Kinetic En.   Total Energy  Conserved En.    Temperature
   -6.43630e+03    3.74234e+04    3.09871e+04    2.77481e+04    2.97715e+02
 Pres. DC (bar) Pressure (bar)
   -3.31454e+00   -2.07609e+02

           Step           Time
           3200        0.64000

   Energies (kJ/mol)
           Bond          Angle Ryckaert-Bell. Per. Imp. Dih.          LJ-14
    1.17311e+04    1.66503e+04    9.35021e+03    1.06026e+03    8.74777e+03
     Coulomb-14        LJ (SR)  Disper. corr.   Coulomb (SR)   Coul. recip.
    5.96969e+04   -2.78145e+03   -1.98412e+02   -1.09610e+05    1.66895e+03
      Potential    Kinetic En.   Total Energy  Conserved En.    Temperature
   -3.68475e+03    3.46172e+04    3.09325e+04    2.77608e+04    2.75391e+02
 Pres. DC (bar) Pressure (bar)
   -3.31516e+00   -1.84249e+02

           Step           Time
           3300        0.66000

   Energies (kJ/mol)
           Bond          Angle Ryckaert-Bell. Per. Imp. Dih.          LJ-14
    1.04319e+04    1.67750e+04    9.18100e+03    1.08046e+03    8.43190e+03
     Coulomb-14        LJ (SR)  Disper. corr.   Coulomb (SR)   Coul. recip.
    5.96277e+04   -2.59626e+03   -1.98429e+02   -1.09805e+05    1.65700e+03
      Potential    Kinetic En.   Total Energy  Conserved En.    Temperature
   -5.41463e+03    3.64955e+04    3.10808e+04    2.77639e+04    2.90333e+02
 Pres. DC (bar) Pressure (bar)
   -3.31571e+00   -6.10772e+02

           Step           Time
           3400        0.68000

   Energies (kJ/mol)
           Bond          Angle Ryckaert-Bell. Per. Imp. Dih.          LJ-14
    1.11574e+04    1.68090e+04    9.43140e+03    1.09275e+03    8.75832e+03
     Coulomb-14        LJ (SR)  Disper. corr.   Coulomb (SR)   Coul. recip.
    5.95645e+04   -2.66568e+03   -1.98484e+02   -1.09680e+05    1.67730e+03
      Potential    Kinetic En.   Total Energy  Conserved En.    Temperature
   -4.05400e+03    3.52620e+04    3.12081e+04    2.77573e+04    2.80521e+02
 Pres. DC (bar) Pressure (bar)
   -3.31754e+00   -1.83784e+02

           Step           Time
           3500        0.70000

   Energies (kJ/mol)
           Bond          Angle Ryckaert-Bell. Per. Imp. Dih.          LJ-14
    1.13117e+04    1.57949e+04    9.11990e+03    1.22676e+03    9.03349e+03
     Coulomb-14        LJ (SR)  Disper. corr.   Coulomb (SR)   Coul. recip.
    5.97361e+04   -2.18337e+03   -1.98501e+02   -1.09943e+05    1.64811e+03
      Potential    Kinetic En.   Total Energy  Conserved En.    Temperature
   -4.45393e+03    3.57289e+04    3.12750e+04    2.77581e+04    2.84234e+02
 Pres. DC (bar) Pressure (bar)
   -3.31809e+00   -2.80261e+02

           Step           Time
           3600        0.72000

   Energies (kJ/mol)
           Bond          Angle Ryckaert-Bell. Per. Imp. Dih.          LJ-14
    1.02263e+04    1.61704e+04    9.26737e+03    1.16998e+03    8.79628e+03
     Coulomb-14        LJ (SR)  Disper. corr.   Coulomb (SR)   Coul. recip.
    5.93941e+04   -2.38593e+03   -1.98526e+02   -1.09691e+05    1.67333e+03
      Potential    Kinetic En.   Total Energy  Conserved En.    Temperature
   -5.57743e+03    3.68677e+04    3.12903e+04    2.77586e+04    2.93294e+02
 Pres. DC (bar) Pressure (bar)
   -3.31893e+00   -4.60892e+02

           Step           Time
           3700        0.74000

   Energies (kJ/mol)
           Bond          Angle Ryckaert-Bell. Per. Imp. Dih.          LJ-14
    1.13914e+04    1.62587e+04    9.08825e+03    1.11547e+03    9.08599e+03
     Coulomb-14        LJ (SR)  Disper. corr.   Coulomb (SR)   Coul. recip.
    5.95639e+04   -2.44139e+03   -1.98567e+02   -1.09752e+05    1.65605e+03
      Potential    Kinetic En.   Total Energy  Conserved En.    Temperature
   -4.23202e+03    3.55665e+04    3.13345e+04    2.77590e+04    2.82942e+02
 Pres. DC (bar) Pressure (bar)
   -3.32031e+00   -1.16034e+02

           Step           Time
           3800        0.76000

   Energies (kJ/mol)
           Bond          Angle Ryckaert-Bell. Per. Imp. Dih.          LJ-14
    9.85888e+03    1.59966e+04    9.08988e+03    1.05653e+03    9.24314e+03
     Coulomb-14        LJ (SR)  Disper. corr.   Coulomb (SR)   Coul. recip.
    5.97540e+04   -2.31358e+03   -1.98578e+02   -1.10178e+05    1.67413e+03
      Potential    Kinetic En.   Total Energy  Conserved En.    Temperature
   -6.01748e+03    3.75350e+04    3.15175e+04    2.77456e+04    2.98603e+02
 Pres. DC (bar) Pressure (bar)
   -3.32066e+00    3.63583e+01

           Step           Time
           3900        0.78000

   Energies (kJ/mol)
           Bond          Angle Ryckaert-Bell. Per. Imp. Dih.          LJ-14
    1.09622e+04    1.64694e+04    8.93019e+03    1.14130e+03    9.05845e+03
     Coulomb-14        LJ (SR)  Disper. corr.   Coulomb (SR)   Coul. recip.
    5.95156e+04   -2.64292e+03   -1.98575e+02   -1.09754e+05    1.70674e+03
      Potential    Kinetic En.   Total Energy  Conserved En.    Temperature
   -4.81158e+03    3.62596e+04    3.14480e+04    2.77580e+04    2.88456e+02
 Pres. DC (bar) Pressure (bar)
   -3.32056e+00   -1.73230e+02

           Step           Time
           4000        0.80000

   Energies (kJ/mol)
           Bond          Angle Ryckaert-Bell. Per. Imp. Dih.          LJ-14
    1.00215e+04    1.62348e+04    9.09558e+03    1.03304e+03    9.03041e+03
     Coulomb-14        LJ (SR)  Disper. corr.   Coulomb (SR)   Coul. recip.
    5.96033e+04   -2.61204e+03   -1.98590e+02   -1.09727e+05    1.69695e+03
      Potential    Kinetic En.   Total Energy  Conserved En.    Temperature
   -5.82206e+03    3.71556e+04    3.13336e+04    2.77531e+04    2.95585e+02
 Pres. DC (bar) Pressure (bar)
   -3.32108e+00   -2.30509e+02

           Step           Time
           4100        0.82000

   Energies (kJ/mol)
           Bond          Angle Ryckaert-Bell. Per. Imp. Dih.          LJ-14
    1.01497e+04    1.59403e+04    9.01843e+03    1.04310e+03    8.83257e+03
     Coulomb-14        LJ (SR)  Disper. corr.   Coulomb (SR)   Coul. recip.
    5.95325e+04   -2.85296e+03   -1.98611e+02   -1.09618e+05    1.69303e+03
      Potential    Kinetic En.   Total Energy  Conserved En.    Temperature
   -6.45946e+03    3.78132e+04    3.13538e+04    2.77507e+04    3.00816e+02
 Pres. DC (bar) Pressure (bar)
   -3.32177e+00   -6.06624e+01

           Step           Time
           4200        0.84000

   Energies (kJ/mol)
           Bond          Angle Ryckaert-Bell. Per. Imp. Dih.          LJ-14
    1.09011e+04    1.57258e+04    9.14831e+03    1.12216e+03    8.98899e+03
     Coulomb-14        LJ (SR)  Disper. corr.   Coulomb (SR)   Coul. recip.
    5.97320e+04   -2.55636e+03   -1.98617e+02   -1.10011e+05    1.66566e+03
      Potential    Kinetic En.   Total Energy  Conserved En.    Temperature
   -5.48160e+03    3.67271e+04    3.12455e+04    2.77531e+04    2.92176e+02
 Pres. DC (bar) Pressure (bar)
   -3.32195e+00    6.46759e+01

           Step           Time
           4300        0.86000

   Energies (kJ/mol)
           Bond          Angle Ryckaert-Bell. Per. Imp. Dih.          LJ-14
    9.66786e+03    1.59533e+04    9.11394e+03    1.04975e+03    9.38401e+03
     Coulomb-14        LJ (SR)  Disper. corr.   Coulomb (SR)   Coul. recip.
    5.96995e+04   -2.60188e+03   -1.98611e+02   -1.09971e+05    1.68377e+03
      Potential    Kinetic En.   Total Energy  Conserved En.    Temperature
   -6.21980e+03    3.75163e+04    3.12965e+04    2.77474e+04    2.98454e+02
 Pres. DC (bar) Pressure (bar)
   -3.32176e+00    4.16870e+02

           Step           Time
           4400        0.88000

   Energies (kJ/mol)
           Bond          Angle Ryckaert-Bell. Per. Imp. Dih.          LJ-14
    1.15102e+04    1.56232e+04    8.94121e+03    1.05928e+03    9.30493e+03
     Coulomb-14        LJ (SR)  Disper. corr.   Coulomb (SR)   Coul. recip.
    5.96216e+04   -2.55114e+03   -1.98574e+02   -1.10038e+05    1.67329e+03
      Potential    Kinetic En.   Total Energy  Conserved En.    Temperature
   -5.05349e+03    3.62987e+04    3.12452e+04    2.77551e+04    2.88768e+02
 Pres. DC (bar) Pressure (bar)
   -3.32052e+00    1.48475e+01

           Step           Time
           4500        0.90000

   Energies (kJ/mol)
           Bond          Angle Ryckaert-Bell. Per. Imp. Dih.          LJ-14
    1.06464e+04    1.56062e+04    9.01728e+03    1.05424e+03    9.64792e+03
     Coulomb-14        LJ (SR)  Disper. corr.   Coulomb (SR)   Coul. recip.
    5.98835e+04   -2.45413e+03   -1.98572e+02   -1.10360e+05    1.65536e+03
      Potential    Kinetic En.   Total Energy  Conserved En.    Temperature
   -5.50201e+03    3.67856e+04    3.12836e+04    2.77490e+04    2.92641e+02
 Pres. DC (bar) Pressure (bar)
   -3.32048e+00    3.12548e+02

           Step           Time
           4600        0.92000

   Energies (kJ/mol)
           Bond          Angle Ryckaert-Bell. Per. Imp. Dih.          LJ-14
    1.09412e+04    1.57210e+04    9.05862e+03    1.11576e+03    9.31705e+03
     Coulomb-14        LJ (SR)  Disper. corr.   Coulomb (SR)   Coul. recip.
    5.97580e+04   -2.69929e+03   -1.98544e+02   -1.10055e+05    1.67558e+03
      Potential    Kinetic En.   Total Energy  Conserved En.    Temperature
   -5.36545e+03    3.67348e+04    3.13694e+04    2.77525e+04    2.92237e+02
 Pres. DC (bar) Pressure (bar)
   -3.31955e+00    4.34234e+02

           Step           Time
           4700        0.94000

   Energies (kJ/mol)
           Bond          Angle Ryckaert-Bell. Per. Imp. Dih.          LJ-14
    1.19491e+04    1.58969e+04    9.29059e+03    1.07931e+03    9.06012e+03
     Coulomb-14        LJ (SR)  Disper. corr.   Coulomb (SR)   Coul. recip.
    5.97232e+04   -2.74796e+03   -1.98505e+02   -1.10010e+05    1.68666e+03
      Potential    Kinetic En.   Total Energy  Conserved En.    Temperature
   -4.27106e+03    3.58734e+04    3.16024e+04    2.77559e+04    2.85384e+02
 Pres. DC (bar) Pressure (bar)
   -3.31826e+00   -8.24363e+01

           Step           Time
           4800        0.96000

   Energies (kJ/mol)
           Bond          Angle Ryckaert-Bell. Per. Imp. Dih.          LJ-14
    1.06704e+04    1.56659e+04    9.35854e+03    1.05074e+03    9.38547e+03
     Coulomb-14        LJ (SR)  Disper. corr.   Coulomb (SR)   Coul. recip.
    5.99926e+04   -2.70770e+03   -1.98513e+02   -1.10453e+05    1.66220e+03
      Potential    Kinetic En.   Total Energy  Conserved En.    Temperature
   -5.57308e+03    3.71115e+04    3.15384e+04    2.77496e+04    2.95233e+02
 Pres. DC (bar) Pressure (bar)
   -3.31851e+00    3.99205e+02

           Step           Time
           4900        0.98000

   Energies (kJ/mol)
           Bond          Angle Ryckaert-Bell. Per. Imp. Dih.          LJ-14
    1.17679e+04    1.57792e+04    9.52623e+03    1.18272e+03    9.19461e+03
     Coulomb-14        LJ (SR)  Disper. corr.   Coulomb (SR)   Coul. recip.
    5.98332e+04   -2.69242e+03   -1.98477e+02   -1.10390e+05    1.67005e+03
      Potential    Kinetic En.   Total Energy  Conserved En.    Temperature
   -4.32677e+03    3.57763e+04    3.14496e+04    2.77561e+04    2.84612e+02
 Pres. DC (bar) Pressure (bar)
   -3.31732e+00   -7.20313e+01

           Step           Time
           5000        1.00000

Writing checkpoint, step 5000 at Fri Nov 24 03:26:29 2023


   Energies (kJ/mol)
           Bond          Angle Ryckaert-Bell. Per. Imp. Dih.          LJ-14
    1.06141e+04    1.55561e+04    9.58269e+03    1.11205e+03    9.22928e+03
     Coulomb-14        LJ (SR)  Disper. corr.   Coulomb (SR)   Coul. recip.
    5.99092e+04   -2.73665e+03   -1.98484e+02   -1.10423e+05    1.68323e+03
      Potential    Kinetic En.   Total Energy  Conserved En.    Temperature
   -5.67140e+03    3.71720e+04    3.15006e+04    2.77476e+04    2.95715e+02
 Pres. DC (bar) Pressure (bar)
   -3.31753e+00    2.45684e+02


Energy conservation over simulation part #1 of length 1 ps, time 0 to 1 ps
  Conserved energy drift: -1.43e-02 kJ/mol/ps per atom


	<======  ###############  ==>
	<====  A V E R A G E S  ====>
	<==  ###############  ======>

	Statistics over 5001 steps using 51 frames

   Energies (kJ/mol)
           Bond          Angle Ryckaert-Bell. Per. Imp. Dih.          LJ-14
    1.07043e+04    1.55188e+04    8.73914e+03    1.08305e+03    9.03594e+03
     Coulomb-14        LJ (SR)  Disper. corr.   Coulomb (SR)   Coul. recip.
    5.91689e+04   -2.15607e+03   -1.98518e+02   -1.08972e+05    1.67871e+03
      Potential    Kinetic En.   Total Energy  Conserved En.    Temperature
   -5.39772e+03    3.56665e+04    3.02688e+04    2.77567e+04    2.83738e+02
 Pres. DC (bar) Pressure (bar)
   -3.31867e+00    2.04212e+01

          Box-X          Box-Y          Box-Z
    1.00006e+01    1.00006e+01    1.00006e+01

   Total Virial (kJ/mol)
    1.11938e+04   -1.00769e+01   -2.26022e+01
   -1.00710e+01    1.13290e+04   -3.07696e+01
   -2.26012e+01   -3.07787e+01    1.13016e+04

   Pressure (bar)
    2.17968e+01   -3.10094e+00    4.00089e+00
   -3.10114e+00    1.72324e+01    2.95393e+00
    4.00086e+00    2.95423e+00    2.22346e+01


	M E G A - F L O P S   A C C O U N T I N G

 NB=Group-cutoff nonbonded kernels    NxN=N-by-N cluster Verlet kernels
 RF=Reaction-Field  VdW=Van der Waals  QSTab=quadratic-spline table
 W3=SPC/TIP3p  W4=TIP4p (single or pairs)
 V&F=Potential and force  V=Potential only  F=Force only

 Computing:                               M-Number         M-Flops  % Flops
-----------------------------------------------------------------------------
 Pair Search distance check              50.042040         450.378     0.0
 NxN Ewald Elec. + LJ [F]              5472.773856      361203.074    26.5
 NxN Ewald Elec. + LJ [V&F]              56.388000        6033.516     0.4
 NxN Ewald Elec. [F]                     49.233888        3003.267     0.2
 NxN Ewald Elec. [V&F]                    0.507616          42.640     0.0
 1,4 nonbonded interactions              93.618720        8425.685     0.6
 Calc Weights                           151.230240        5444.289     0.4
 Spread Q Bspline                      3226.245120        6452.490     0.5
 Gather F Bspline                      3226.245120       19357.471     1.4
 3D-FFT                              113685.292512      909482.340    66.7
 Solve PME                               35.287056        2258.372     0.2
 Reset In Box                             0.514080           1.542     0.0
 CG-CoM                                   0.524160           1.572     0.0
 Bonds                                   49.209840        2903.381     0.2
 Angles                                  83.116620       13963.592     1.0
 Impropers                                7.201440        1497.900     0.1
 RB-Dihedrals                            93.618720       23123.824     1.7
 Virial                                   0.516375           9.295     0.0
 Stop-CM                                  0.524160           5.242     0.0
 P-Coupling                               0.514080           3.084     0.0
 Calc-Ekin                                1.028160          27.760     0.0
-----------------------------------------------------------------------------
 Total                                                 1363690.714   100.0
-----------------------------------------------------------------------------


    D O M A I N   D E C O M P O S I T I O N   S T A T I S T I C S

 av. #atoms communicated per step for force:  2 x 0.0


      R E A L   C Y C L E   A N D   T I M E   A C C O U N T I N G

On 1 MPI rank, each using 6 OpenMP threads

 Activity:              Num   Num      Call    Wall time         Giga-Cycles
                        Ranks Threads  Count      (s)         total sum    %
--------------------------------------------------------------------------------
 Domain decomp.            1    6         51       1.176         24.000   0.4
 Neighbor search           1    6         51       0.936         19.086   0.3
 Force                     1    6       5001     214.888       4383.711  71.4
 PME mesh                  1    6       5001      80.399       1640.136  26.7
 NB X/F buffer ops.        1    6       9951       1.273         25.972   0.4
 Write traj.               1    6         51       0.194          3.950   0.1
 Update                    1    6       5001       1.174         23.948   0.4
 Rest                                              0.897         18.294   0.3
--------------------------------------------------------------------------------
 Total                                           300.936       6139.097 100.0
--------------------------------------------------------------------------------
 Breakdown of PME mesh activities
--------------------------------------------------------------------------------
 PME spread                1    6       5001      15.278        311.675   5.1
 PME gather                1    6       5001      20.765        423.596   6.9
 PME 3D-FFT                1    6      10002      23.504        479.490   7.8
 PME solve Elec            1    6       5001      20.634        420.934   6.9
--------------------------------------------------------------------------------

               Core t (s)   Wall t (s)        (%)
       Time:     1805.614      300.936      600.0
                 (ns/day)    (hour/ns)
Performance:        0.287       83.577
Finished mdrun on rank 0 Fri Nov 24 03:26:29 2023

